[2023-06-24T09:04:30.256+0700] {processor.py:157} INFO - Started process (PID=1576) to work on /Users/IntelTri/WorkPlace/Aptech/Project-sem2/project-sem02/air_flows/myenv/lib/python3.9/site-packages/airflow/www/extensions/init_dagbag.py
[2023-06-24T09:04:30.257+0700] {processor.py:826} INFO - Processing file /Users/IntelTri/WorkPlace/Aptech/Project-sem2/project-sem02/air_flows/myenv/lib/python3.9/site-packages/airflow/www/extensions/init_dagbag.py for tasks to queue
[2023-06-24T09:04:30.257+0700] {logging_mixin.py:149} INFO - [2023-06-24T09:04:30.257+0700] {dagbag.py:541} INFO - Filling up the DagBag from /Users/IntelTri/WorkPlace/Aptech/Project-sem2/project-sem02/air_flows/myenv/lib/python3.9/site-packages/airflow/www/extensions/init_dagbag.py
[2023-06-24T09:04:30.258+0700] {processor.py:838} WARNING - No viable dags retrieved from /Users/IntelTri/WorkPlace/Aptech/Project-sem2/project-sem02/air_flows/myenv/lib/python3.9/site-packages/airflow/www/extensions/init_dagbag.py
[2023-06-24T09:04:30.705+0700] {processor.py:179} INFO - Processing /Users/IntelTri/WorkPlace/Aptech/Project-sem2/project-sem02/air_flows/myenv/lib/python3.9/site-packages/airflow/www/extensions/init_dagbag.py took 0.450 seconds
[2023-06-24T09:09:32.888+0700] {processor.py:157} INFO - Started process (PID=1669) to work on /Users/IntelTri/WorkPlace/Aptech/Project-sem2/project-sem02/air_flows/myenv/lib/python3.9/site-packages/airflow/www/extensions/init_dagbag.py
[2023-06-24T09:09:32.889+0700] {processor.py:826} INFO - Processing file /Users/IntelTri/WorkPlace/Aptech/Project-sem2/project-sem02/air_flows/myenv/lib/python3.9/site-packages/airflow/www/extensions/init_dagbag.py for tasks to queue
[2023-06-24T09:09:32.889+0700] {logging_mixin.py:149} INFO - [2023-06-24T09:09:32.889+0700] {dagbag.py:541} INFO - Filling up the DagBag from /Users/IntelTri/WorkPlace/Aptech/Project-sem2/project-sem02/air_flows/myenv/lib/python3.9/site-packages/airflow/www/extensions/init_dagbag.py
[2023-06-24T09:09:32.890+0700] {processor.py:838} WARNING - No viable dags retrieved from /Users/IntelTri/WorkPlace/Aptech/Project-sem2/project-sem02/air_flows/myenv/lib/python3.9/site-packages/airflow/www/extensions/init_dagbag.py
[2023-06-24T09:09:33.328+0700] {processor.py:179} INFO - Processing /Users/IntelTri/WorkPlace/Aptech/Project-sem2/project-sem02/air_flows/myenv/lib/python3.9/site-packages/airflow/www/extensions/init_dagbag.py took 0.440 seconds
[2023-06-24T09:10:09.303+0700] {processor.py:157} INFO - Started process (PID=1692) to work on /Users/IntelTri/WorkPlace/Aptech/Project-sem2/project-sem02/air_flows/myenv/lib/python3.9/site-packages/airflow/www/extensions/init_dagbag.py
[2023-06-24T09:10:09.304+0700] {processor.py:826} INFO - Processing file /Users/IntelTri/WorkPlace/Aptech/Project-sem2/project-sem02/air_flows/myenv/lib/python3.9/site-packages/airflow/www/extensions/init_dagbag.py for tasks to queue
[2023-06-24T09:10:09.305+0700] {logging_mixin.py:149} INFO - [2023-06-24T09:10:09.305+0700] {dagbag.py:541} INFO - Filling up the DagBag from /Users/IntelTri/WorkPlace/Aptech/Project-sem2/project-sem02/air_flows/myenv/lib/python3.9/site-packages/airflow/www/extensions/init_dagbag.py
[2023-06-24T09:10:09.306+0700] {processor.py:838} WARNING - No viable dags retrieved from /Users/IntelTri/WorkPlace/Aptech/Project-sem2/project-sem02/air_flows/myenv/lib/python3.9/site-packages/airflow/www/extensions/init_dagbag.py
[2023-06-24T09:10:09.983+0700] {processor.py:179} INFO - Processing /Users/IntelTri/WorkPlace/Aptech/Project-sem2/project-sem02/air_flows/myenv/lib/python3.9/site-packages/airflow/www/extensions/init_dagbag.py took 0.683 seconds
[2023-06-24T09:30:51.187+0700] {processor.py:157} INFO - Started process (PID=1884) to work on /Users/IntelTri/WorkPlace/Aptech/Project-sem2/project-sem02/air_flows/myenv/lib/python3.9/site-packages/airflow/www/extensions/init_dagbag.py
[2023-06-24T09:30:51.187+0700] {processor.py:826} INFO - Processing file /Users/IntelTri/WorkPlace/Aptech/Project-sem2/project-sem02/air_flows/myenv/lib/python3.9/site-packages/airflow/www/extensions/init_dagbag.py for tasks to queue
[2023-06-24T09:30:51.188+0700] {logging_mixin.py:149} INFO - [2023-06-24T09:30:51.188+0700] {dagbag.py:541} INFO - Filling up the DagBag from /Users/IntelTri/WorkPlace/Aptech/Project-sem2/project-sem02/air_flows/myenv/lib/python3.9/site-packages/airflow/www/extensions/init_dagbag.py
[2023-06-24T09:30:51.189+0700] {processor.py:838} WARNING - No viable dags retrieved from /Users/IntelTri/WorkPlace/Aptech/Project-sem2/project-sem02/air_flows/myenv/lib/python3.9/site-packages/airflow/www/extensions/init_dagbag.py
[2023-06-24T09:30:51.632+0700] {processor.py:179} INFO - Processing /Users/IntelTri/WorkPlace/Aptech/Project-sem2/project-sem02/air_flows/myenv/lib/python3.9/site-packages/airflow/www/extensions/init_dagbag.py took 0.446 seconds
[2023-06-24T09:42:46.298+0700] {processor.py:157} INFO - Started process (PID=2004) to work on /Users/IntelTri/WorkPlace/Aptech/Project-sem2/project-sem02/air_flows/myenv/lib/python3.9/site-packages/airflow/www/extensions/init_dagbag.py
[2023-06-24T09:42:46.299+0700] {processor.py:826} INFO - Processing file /Users/IntelTri/WorkPlace/Aptech/Project-sem2/project-sem02/air_flows/myenv/lib/python3.9/site-packages/airflow/www/extensions/init_dagbag.py for tasks to queue
[2023-06-24T09:42:46.299+0700] {logging_mixin.py:149} INFO - [2023-06-24T09:42:46.299+0700] {dagbag.py:541} INFO - Filling up the DagBag from /Users/IntelTri/WorkPlace/Aptech/Project-sem2/project-sem02/air_flows/myenv/lib/python3.9/site-packages/airflow/www/extensions/init_dagbag.py
[2023-06-24T09:42:46.300+0700] {processor.py:838} WARNING - No viable dags retrieved from /Users/IntelTri/WorkPlace/Aptech/Project-sem2/project-sem02/air_flows/myenv/lib/python3.9/site-packages/airflow/www/extensions/init_dagbag.py
[2023-06-24T09:42:46.737+0700] {processor.py:179} INFO - Processing /Users/IntelTri/WorkPlace/Aptech/Project-sem2/project-sem02/air_flows/myenv/lib/python3.9/site-packages/airflow/www/extensions/init_dagbag.py took 0.439 seconds
[2023-06-24T10:35:59.026+0700] {processor.py:157} INFO - Started process (PID=2434) to work on /Users/IntelTri/WorkPlace/Aptech/Project-sem2/project-sem02/air_flows/myenv/lib/python3.9/site-packages/airflow/www/extensions/init_dagbag.py
[2023-06-24T10:35:59.027+0700] {processor.py:826} INFO - Processing file /Users/IntelTri/WorkPlace/Aptech/Project-sem2/project-sem02/air_flows/myenv/lib/python3.9/site-packages/airflow/www/extensions/init_dagbag.py for tasks to queue
[2023-06-24T10:35:59.027+0700] {logging_mixin.py:149} INFO - [2023-06-24T10:35:59.027+0700] {dagbag.py:541} INFO - Filling up the DagBag from /Users/IntelTri/WorkPlace/Aptech/Project-sem2/project-sem02/air_flows/myenv/lib/python3.9/site-packages/airflow/www/extensions/init_dagbag.py
[2023-06-24T10:35:59.028+0700] {processor.py:838} WARNING - No viable dags retrieved from /Users/IntelTri/WorkPlace/Aptech/Project-sem2/project-sem02/air_flows/myenv/lib/python3.9/site-packages/airflow/www/extensions/init_dagbag.py
[2023-06-24T10:35:59.467+0700] {processor.py:179} INFO - Processing /Users/IntelTri/WorkPlace/Aptech/Project-sem2/project-sem02/air_flows/myenv/lib/python3.9/site-packages/airflow/www/extensions/init_dagbag.py took 0.442 seconds
[2023-06-24T10:37:56.215+0700] {processor.py:157} INFO - Started process (PID=2469) to work on /Users/IntelTri/WorkPlace/Aptech/Project-sem2/project-sem02/air_flows/myenv/lib/python3.9/site-packages/airflow/www/extensions/init_dagbag.py
[2023-06-24T10:37:56.216+0700] {processor.py:826} INFO - Processing file /Users/IntelTri/WorkPlace/Aptech/Project-sem2/project-sem02/air_flows/myenv/lib/python3.9/site-packages/airflow/www/extensions/init_dagbag.py for tasks to queue
[2023-06-24T10:37:56.216+0700] {logging_mixin.py:149} INFO - [2023-06-24T10:37:56.216+0700] {dagbag.py:541} INFO - Filling up the DagBag from /Users/IntelTri/WorkPlace/Aptech/Project-sem2/project-sem02/air_flows/myenv/lib/python3.9/site-packages/airflow/www/extensions/init_dagbag.py
[2023-06-24T10:37:56.217+0700] {processor.py:838} WARNING - No viable dags retrieved from /Users/IntelTri/WorkPlace/Aptech/Project-sem2/project-sem02/air_flows/myenv/lib/python3.9/site-packages/airflow/www/extensions/init_dagbag.py
[2023-06-24T10:37:56.662+0700] {processor.py:179} INFO - Processing /Users/IntelTri/WorkPlace/Aptech/Project-sem2/project-sem02/air_flows/myenv/lib/python3.9/site-packages/airflow/www/extensions/init_dagbag.py took 0.448 seconds
[2023-06-24T10:39:26.035+0700] {processor.py:157} INFO - Started process (PID=2510) to work on /Users/IntelTri/WorkPlace/Aptech/Project-sem2/project-sem02/air_flows/myenv/lib/python3.9/site-packages/airflow/www/extensions/init_dagbag.py
[2023-06-24T10:39:26.035+0700] {processor.py:826} INFO - Processing file /Users/IntelTri/WorkPlace/Aptech/Project-sem2/project-sem02/air_flows/myenv/lib/python3.9/site-packages/airflow/www/extensions/init_dagbag.py for tasks to queue
[2023-06-24T10:39:26.036+0700] {logging_mixin.py:149} INFO - [2023-06-24T10:39:26.036+0700] {dagbag.py:541} INFO - Filling up the DagBag from /Users/IntelTri/WorkPlace/Aptech/Project-sem2/project-sem02/air_flows/myenv/lib/python3.9/site-packages/airflow/www/extensions/init_dagbag.py
[2023-06-24T10:39:26.037+0700] {processor.py:838} WARNING - No viable dags retrieved from /Users/IntelTri/WorkPlace/Aptech/Project-sem2/project-sem02/air_flows/myenv/lib/python3.9/site-packages/airflow/www/extensions/init_dagbag.py
[2023-06-24T10:39:26.473+0700] {processor.py:179} INFO - Processing /Users/IntelTri/WorkPlace/Aptech/Project-sem2/project-sem02/air_flows/myenv/lib/python3.9/site-packages/airflow/www/extensions/init_dagbag.py took 0.439 seconds
[2023-06-24T11:03:36.641+0700] {processor.py:157} INFO - Started process (PID=2817) to work on /Users/IntelTri/WorkPlace/Aptech/Project-sem2/project-sem02/air_flows/myenv/lib/python3.9/site-packages/airflow/www/extensions/init_dagbag.py
[2023-06-24T11:03:36.642+0700] {processor.py:826} INFO - Processing file /Users/IntelTri/WorkPlace/Aptech/Project-sem2/project-sem02/air_flows/myenv/lib/python3.9/site-packages/airflow/www/extensions/init_dagbag.py for tasks to queue
[2023-06-24T11:03:36.643+0700] {logging_mixin.py:149} INFO - [2023-06-24T11:03:36.643+0700] {dagbag.py:541} INFO - Filling up the DagBag from /Users/IntelTri/WorkPlace/Aptech/Project-sem2/project-sem02/air_flows/myenv/lib/python3.9/site-packages/airflow/www/extensions/init_dagbag.py
[2023-06-24T11:03:36.644+0700] {processor.py:838} WARNING - No viable dags retrieved from /Users/IntelTri/WorkPlace/Aptech/Project-sem2/project-sem02/air_flows/myenv/lib/python3.9/site-packages/airflow/www/extensions/init_dagbag.py
[2023-06-24T11:03:37.198+0700] {processor.py:179} INFO - Processing /Users/IntelTri/WorkPlace/Aptech/Project-sem2/project-sem02/air_flows/myenv/lib/python3.9/site-packages/airflow/www/extensions/init_dagbag.py took 0.558 seconds
