[2023-06-24T09:04:32.813+0700] {processor.py:157} INFO - Started process (PID=1578) to work on /Users/IntelTri/WorkPlace/Aptech/Project-sem2/project-sem02/air_flows/myenv/lib/python3.9/site-packages/airflow/www/extensions/init_appbuilder_links.py
[2023-06-24T09:04:32.814+0700] {processor.py:826} INFO - Processing file /Users/IntelTri/WorkPlace/Aptech/Project-sem2/project-sem02/air_flows/myenv/lib/python3.9/site-packages/airflow/www/extensions/init_appbuilder_links.py for tasks to queue
[2023-06-24T09:04:32.814+0700] {logging_mixin.py:149} INFO - [2023-06-24T09:04:32.814+0700] {dagbag.py:541} INFO - Filling up the DagBag from /Users/IntelTri/WorkPlace/Aptech/Project-sem2/project-sem02/air_flows/myenv/lib/python3.9/site-packages/airflow/www/extensions/init_appbuilder_links.py
[2023-06-24T09:04:32.815+0700] {processor.py:838} WARNING - No viable dags retrieved from /Users/IntelTri/WorkPlace/Aptech/Project-sem2/project-sem02/air_flows/myenv/lib/python3.9/site-packages/airflow/www/extensions/init_appbuilder_links.py
[2023-06-24T09:04:33.264+0700] {processor.py:179} INFO - Processing /Users/IntelTri/WorkPlace/Aptech/Project-sem2/project-sem02/air_flows/myenv/lib/python3.9/site-packages/airflow/www/extensions/init_appbuilder_links.py took 0.452 seconds
[2023-06-24T09:09:34.216+0700] {processor.py:157} INFO - Started process (PID=1670) to work on /Users/IntelTri/WorkPlace/Aptech/Project-sem2/project-sem02/air_flows/myenv/lib/python3.9/site-packages/airflow/www/extensions/init_appbuilder_links.py
[2023-06-24T09:09:34.216+0700] {processor.py:826} INFO - Processing file /Users/IntelTri/WorkPlace/Aptech/Project-sem2/project-sem02/air_flows/myenv/lib/python3.9/site-packages/airflow/www/extensions/init_appbuilder_links.py for tasks to queue
[2023-06-24T09:09:34.217+0700] {logging_mixin.py:149} INFO - [2023-06-24T09:09:34.217+0700] {dagbag.py:541} INFO - Filling up the DagBag from /Users/IntelTri/WorkPlace/Aptech/Project-sem2/project-sem02/air_flows/myenv/lib/python3.9/site-packages/airflow/www/extensions/init_appbuilder_links.py
[2023-06-24T09:09:34.217+0700] {processor.py:838} WARNING - No viable dags retrieved from /Users/IntelTri/WorkPlace/Aptech/Project-sem2/project-sem02/air_flows/myenv/lib/python3.9/site-packages/airflow/www/extensions/init_appbuilder_links.py
[2023-06-24T09:09:34.645+0700] {processor.py:179} INFO - Processing /Users/IntelTri/WorkPlace/Aptech/Project-sem2/project-sem02/air_flows/myenv/lib/python3.9/site-packages/airflow/www/extensions/init_appbuilder_links.py took 0.430 seconds
[2023-06-24T09:10:12.504+0700] {processor.py:157} INFO - Started process (PID=1693) to work on /Users/IntelTri/WorkPlace/Aptech/Project-sem2/project-sem02/air_flows/myenv/lib/python3.9/site-packages/airflow/www/extensions/init_appbuilder_links.py
[2023-06-24T09:10:12.505+0700] {processor.py:826} INFO - Processing file /Users/IntelTri/WorkPlace/Aptech/Project-sem2/project-sem02/air_flows/myenv/lib/python3.9/site-packages/airflow/www/extensions/init_appbuilder_links.py for tasks to queue
[2023-06-24T09:10:12.505+0700] {logging_mixin.py:149} INFO - [2023-06-24T09:10:12.505+0700] {dagbag.py:541} INFO - Filling up the DagBag from /Users/IntelTri/WorkPlace/Aptech/Project-sem2/project-sem02/air_flows/myenv/lib/python3.9/site-packages/airflow/www/extensions/init_appbuilder_links.py
[2023-06-24T09:10:12.506+0700] {processor.py:838} WARNING - No viable dags retrieved from /Users/IntelTri/WorkPlace/Aptech/Project-sem2/project-sem02/air_flows/myenv/lib/python3.9/site-packages/airflow/www/extensions/init_appbuilder_links.py
[2023-06-24T09:10:12.957+0700] {processor.py:179} INFO - Processing /Users/IntelTri/WorkPlace/Aptech/Project-sem2/project-sem02/air_flows/myenv/lib/python3.9/site-packages/airflow/www/extensions/init_appbuilder_links.py took 0.453 seconds
[2023-06-24T09:30:53.484+0700] {processor.py:157} INFO - Started process (PID=1885) to work on /Users/IntelTri/WorkPlace/Aptech/Project-sem2/project-sem02/air_flows/myenv/lib/python3.9/site-packages/airflow/www/extensions/init_appbuilder_links.py
[2023-06-24T09:30:53.484+0700] {processor.py:826} INFO - Processing file /Users/IntelTri/WorkPlace/Aptech/Project-sem2/project-sem02/air_flows/myenv/lib/python3.9/site-packages/airflow/www/extensions/init_appbuilder_links.py for tasks to queue
[2023-06-24T09:30:53.485+0700] {logging_mixin.py:149} INFO - [2023-06-24T09:30:53.485+0700] {dagbag.py:541} INFO - Filling up the DagBag from /Users/IntelTri/WorkPlace/Aptech/Project-sem2/project-sem02/air_flows/myenv/lib/python3.9/site-packages/airflow/www/extensions/init_appbuilder_links.py
[2023-06-24T09:30:53.486+0700] {processor.py:838} WARNING - No viable dags retrieved from /Users/IntelTri/WorkPlace/Aptech/Project-sem2/project-sem02/air_flows/myenv/lib/python3.9/site-packages/airflow/www/extensions/init_appbuilder_links.py
[2023-06-24T09:30:53.932+0700] {processor.py:179} INFO - Processing /Users/IntelTri/WorkPlace/Aptech/Project-sem2/project-sem02/air_flows/myenv/lib/python3.9/site-packages/airflow/www/extensions/init_appbuilder_links.py took 0.448 seconds
[2023-06-24T09:42:48.656+0700] {processor.py:157} INFO - Started process (PID=2005) to work on /Users/IntelTri/WorkPlace/Aptech/Project-sem2/project-sem02/air_flows/myenv/lib/python3.9/site-packages/airflow/www/extensions/init_appbuilder_links.py
[2023-06-24T09:42:48.657+0700] {processor.py:826} INFO - Processing file /Users/IntelTri/WorkPlace/Aptech/Project-sem2/project-sem02/air_flows/myenv/lib/python3.9/site-packages/airflow/www/extensions/init_appbuilder_links.py for tasks to queue
[2023-06-24T09:42:48.657+0700] {logging_mixin.py:149} INFO - [2023-06-24T09:42:48.657+0700] {dagbag.py:541} INFO - Filling up the DagBag from /Users/IntelTri/WorkPlace/Aptech/Project-sem2/project-sem02/air_flows/myenv/lib/python3.9/site-packages/airflow/www/extensions/init_appbuilder_links.py
[2023-06-24T09:42:48.658+0700] {processor.py:838} WARNING - No viable dags retrieved from /Users/IntelTri/WorkPlace/Aptech/Project-sem2/project-sem02/air_flows/myenv/lib/python3.9/site-packages/airflow/www/extensions/init_appbuilder_links.py
[2023-06-24T09:42:49.106+0700] {processor.py:179} INFO - Processing /Users/IntelTri/WorkPlace/Aptech/Project-sem2/project-sem02/air_flows/myenv/lib/python3.9/site-packages/airflow/www/extensions/init_appbuilder_links.py took 0.450 seconds
[2023-06-24T10:36:01.370+0700] {processor.py:157} INFO - Started process (PID=2435) to work on /Users/IntelTri/WorkPlace/Aptech/Project-sem2/project-sem02/air_flows/myenv/lib/python3.9/site-packages/airflow/www/extensions/init_appbuilder_links.py
[2023-06-24T10:36:01.371+0700] {processor.py:826} INFO - Processing file /Users/IntelTri/WorkPlace/Aptech/Project-sem2/project-sem02/air_flows/myenv/lib/python3.9/site-packages/airflow/www/extensions/init_appbuilder_links.py for tasks to queue
[2023-06-24T10:36:01.371+0700] {logging_mixin.py:149} INFO - [2023-06-24T10:36:01.371+0700] {dagbag.py:541} INFO - Filling up the DagBag from /Users/IntelTri/WorkPlace/Aptech/Project-sem2/project-sem02/air_flows/myenv/lib/python3.9/site-packages/airflow/www/extensions/init_appbuilder_links.py
[2023-06-24T10:36:01.372+0700] {processor.py:838} WARNING - No viable dags retrieved from /Users/IntelTri/WorkPlace/Aptech/Project-sem2/project-sem02/air_flows/myenv/lib/python3.9/site-packages/airflow/www/extensions/init_appbuilder_links.py
[2023-06-24T10:36:01.801+0700] {processor.py:179} INFO - Processing /Users/IntelTri/WorkPlace/Aptech/Project-sem2/project-sem02/air_flows/myenv/lib/python3.9/site-packages/airflow/www/extensions/init_appbuilder_links.py took 0.431 seconds
