[2023-06-24T09:04:27.738+0700] {processor.py:157} INFO - Started process (PID=1573) to work on /Users/IntelTri/WorkPlace/Aptech/Project-sem2/project-sem02/air_flows/myenv/lib/python3.9/site-packages/airflow/www/extensions/init_views.py
[2023-06-24T09:04:27.738+0700] {processor.py:826} INFO - Processing file /Users/IntelTri/WorkPlace/Aptech/Project-sem2/project-sem02/air_flows/myenv/lib/python3.9/site-packages/airflow/www/extensions/init_views.py for tasks to queue
[2023-06-24T09:04:27.739+0700] {logging_mixin.py:149} INFO - [2023-06-24T09:04:27.739+0700] {dagbag.py:541} INFO - Filling up the DagBag from /Users/IntelTri/WorkPlace/Aptech/Project-sem2/project-sem02/air_flows/myenv/lib/python3.9/site-packages/airflow/www/extensions/init_views.py
[2023-06-24T09:04:27.909+0700] {processor.py:838} WARNING - No viable dags retrieved from /Users/IntelTri/WorkPlace/Aptech/Project-sem2/project-sem02/air_flows/myenv/lib/python3.9/site-packages/airflow/www/extensions/init_views.py
[2023-06-24T09:04:28.346+0700] {processor.py:179} INFO - Processing /Users/IntelTri/WorkPlace/Aptech/Project-sem2/project-sem02/air_flows/myenv/lib/python3.9/site-packages/airflow/www/extensions/init_views.py took 0.609 seconds
[2023-06-24T09:09:30.331+0700] {processor.py:157} INFO - Started process (PID=1668) to work on /Users/IntelTri/WorkPlace/Aptech/Project-sem2/project-sem02/air_flows/myenv/lib/python3.9/site-packages/airflow/www/extensions/init_views.py
[2023-06-24T09:09:30.331+0700] {processor.py:826} INFO - Processing file /Users/IntelTri/WorkPlace/Aptech/Project-sem2/project-sem02/air_flows/myenv/lib/python3.9/site-packages/airflow/www/extensions/init_views.py for tasks to queue
[2023-06-24T09:09:30.331+0700] {logging_mixin.py:149} INFO - [2023-06-24T09:09:30.331+0700] {dagbag.py:541} INFO - Filling up the DagBag from /Users/IntelTri/WorkPlace/Aptech/Project-sem2/project-sem02/air_flows/myenv/lib/python3.9/site-packages/airflow/www/extensions/init_views.py
[2023-06-24T09:09:30.481+0700] {processor.py:838} WARNING - No viable dags retrieved from /Users/IntelTri/WorkPlace/Aptech/Project-sem2/project-sem02/air_flows/myenv/lib/python3.9/site-packages/airflow/www/extensions/init_views.py
[2023-06-24T09:09:30.885+0700] {processor.py:179} INFO - Processing /Users/IntelTri/WorkPlace/Aptech/Project-sem2/project-sem02/air_flows/myenv/lib/python3.9/site-packages/airflow/www/extensions/init_views.py took 0.555 seconds
[2023-06-24T09:10:06.531+0700] {processor.py:157} INFO - Started process (PID=1691) to work on /Users/IntelTri/WorkPlace/Aptech/Project-sem2/project-sem02/air_flows/myenv/lib/python3.9/site-packages/airflow/www/extensions/init_views.py
[2023-06-24T09:10:06.532+0700] {processor.py:826} INFO - Processing file /Users/IntelTri/WorkPlace/Aptech/Project-sem2/project-sem02/air_flows/myenv/lib/python3.9/site-packages/airflow/www/extensions/init_views.py for tasks to queue
[2023-06-24T09:10:06.532+0700] {logging_mixin.py:149} INFO - [2023-06-24T09:10:06.532+0700] {dagbag.py:541} INFO - Filling up the DagBag from /Users/IntelTri/WorkPlace/Aptech/Project-sem2/project-sem02/air_flows/myenv/lib/python3.9/site-packages/airflow/www/extensions/init_views.py
[2023-06-24T09:10:06.671+0700] {processor.py:838} WARNING - No viable dags retrieved from /Users/IntelTri/WorkPlace/Aptech/Project-sem2/project-sem02/air_flows/myenv/lib/python3.9/site-packages/airflow/www/extensions/init_views.py
[2023-06-24T09:10:07.081+0700] {processor.py:179} INFO - Processing /Users/IntelTri/WorkPlace/Aptech/Project-sem2/project-sem02/air_flows/myenv/lib/python3.9/site-packages/airflow/www/extensions/init_views.py took 0.550 seconds
[2023-06-24T09:30:49.585+0700] {processor.py:157} INFO - Started process (PID=1883) to work on /Users/IntelTri/WorkPlace/Aptech/Project-sem2/project-sem02/air_flows/myenv/lib/python3.9/site-packages/airflow/www/extensions/init_views.py
[2023-06-24T09:30:49.586+0700] {processor.py:826} INFO - Processing file /Users/IntelTri/WorkPlace/Aptech/Project-sem2/project-sem02/air_flows/myenv/lib/python3.9/site-packages/airflow/www/extensions/init_views.py for tasks to queue
[2023-06-24T09:30:49.586+0700] {logging_mixin.py:149} INFO - [2023-06-24T09:30:49.586+0700] {dagbag.py:541} INFO - Filling up the DagBag from /Users/IntelTri/WorkPlace/Aptech/Project-sem2/project-sem02/air_flows/myenv/lib/python3.9/site-packages/airflow/www/extensions/init_views.py
[2023-06-24T09:30:49.729+0700] {processor.py:838} WARNING - No viable dags retrieved from /Users/IntelTri/WorkPlace/Aptech/Project-sem2/project-sem02/air_flows/myenv/lib/python3.9/site-packages/airflow/www/extensions/init_views.py
[2023-06-24T09:30:50.130+0700] {processor.py:179} INFO - Processing /Users/IntelTri/WorkPlace/Aptech/Project-sem2/project-sem02/air_flows/myenv/lib/python3.9/site-packages/airflow/www/extensions/init_views.py took 0.545 seconds
[2023-06-24T09:42:44.647+0700] {processor.py:157} INFO - Started process (PID=2003) to work on /Users/IntelTri/WorkPlace/Aptech/Project-sem2/project-sem02/air_flows/myenv/lib/python3.9/site-packages/airflow/www/extensions/init_views.py
[2023-06-24T09:42:44.647+0700] {processor.py:826} INFO - Processing file /Users/IntelTri/WorkPlace/Aptech/Project-sem2/project-sem02/air_flows/myenv/lib/python3.9/site-packages/airflow/www/extensions/init_views.py for tasks to queue
[2023-06-24T09:42:44.648+0700] {logging_mixin.py:149} INFO - [2023-06-24T09:42:44.648+0700] {dagbag.py:541} INFO - Filling up the DagBag from /Users/IntelTri/WorkPlace/Aptech/Project-sem2/project-sem02/air_flows/myenv/lib/python3.9/site-packages/airflow/www/extensions/init_views.py
[2023-06-24T09:42:44.790+0700] {processor.py:838} WARNING - No viable dags retrieved from /Users/IntelTri/WorkPlace/Aptech/Project-sem2/project-sem02/air_flows/myenv/lib/python3.9/site-packages/airflow/www/extensions/init_views.py
[2023-06-24T09:42:45.191+0700] {processor.py:179} INFO - Processing /Users/IntelTri/WorkPlace/Aptech/Project-sem2/project-sem02/air_flows/myenv/lib/python3.9/site-packages/airflow/www/extensions/init_views.py took 0.544 seconds
[2023-06-24T10:35:57.362+0700] {processor.py:157} INFO - Started process (PID=2433) to work on /Users/IntelTri/WorkPlace/Aptech/Project-sem2/project-sem02/air_flows/myenv/lib/python3.9/site-packages/airflow/www/extensions/init_views.py
[2023-06-24T10:35:57.363+0700] {processor.py:826} INFO - Processing file /Users/IntelTri/WorkPlace/Aptech/Project-sem2/project-sem02/air_flows/myenv/lib/python3.9/site-packages/airflow/www/extensions/init_views.py for tasks to queue
[2023-06-24T10:35:57.363+0700] {logging_mixin.py:149} INFO - [2023-06-24T10:35:57.363+0700] {dagbag.py:541} INFO - Filling up the DagBag from /Users/IntelTri/WorkPlace/Aptech/Project-sem2/project-sem02/air_flows/myenv/lib/python3.9/site-packages/airflow/www/extensions/init_views.py
[2023-06-24T10:35:57.505+0700] {processor.py:838} WARNING - No viable dags retrieved from /Users/IntelTri/WorkPlace/Aptech/Project-sem2/project-sem02/air_flows/myenv/lib/python3.9/site-packages/airflow/www/extensions/init_views.py
[2023-06-24T10:35:57.907+0700] {processor.py:179} INFO - Processing /Users/IntelTri/WorkPlace/Aptech/Project-sem2/project-sem02/air_flows/myenv/lib/python3.9/site-packages/airflow/www/extensions/init_views.py took 0.545 seconds
[2023-06-24T10:37:54.523+0700] {processor.py:157} INFO - Started process (PID=2468) to work on /Users/IntelTri/WorkPlace/Aptech/Project-sem2/project-sem02/air_flows/myenv/lib/python3.9/site-packages/airflow/www/extensions/init_views.py
[2023-06-24T10:37:54.523+0700] {processor.py:826} INFO - Processing file /Users/IntelTri/WorkPlace/Aptech/Project-sem2/project-sem02/air_flows/myenv/lib/python3.9/site-packages/airflow/www/extensions/init_views.py for tasks to queue
[2023-06-24T10:37:54.524+0700] {logging_mixin.py:149} INFO - [2023-06-24T10:37:54.524+0700] {dagbag.py:541} INFO - Filling up the DagBag from /Users/IntelTri/WorkPlace/Aptech/Project-sem2/project-sem02/air_flows/myenv/lib/python3.9/site-packages/airflow/www/extensions/init_views.py
[2023-06-24T10:37:54.666+0700] {processor.py:838} WARNING - No viable dags retrieved from /Users/IntelTri/WorkPlace/Aptech/Project-sem2/project-sem02/air_flows/myenv/lib/python3.9/site-packages/airflow/www/extensions/init_views.py
[2023-06-24T10:37:55.066+0700] {processor.py:179} INFO - Processing /Users/IntelTri/WorkPlace/Aptech/Project-sem2/project-sem02/air_flows/myenv/lib/python3.9/site-packages/airflow/www/extensions/init_views.py took 0.544 seconds
[2023-06-24T10:39:23.537+0700] {processor.py:157} INFO - Started process (PID=2509) to work on /Users/IntelTri/WorkPlace/Aptech/Project-sem2/project-sem02/air_flows/myenv/lib/python3.9/site-packages/airflow/www/extensions/init_views.py
[2023-06-24T10:39:23.538+0700] {processor.py:826} INFO - Processing file /Users/IntelTri/WorkPlace/Aptech/Project-sem2/project-sem02/air_flows/myenv/lib/python3.9/site-packages/airflow/www/extensions/init_views.py for tasks to queue
[2023-06-24T10:39:23.538+0700] {logging_mixin.py:149} INFO - [2023-06-24T10:39:23.538+0700] {dagbag.py:541} INFO - Filling up the DagBag from /Users/IntelTri/WorkPlace/Aptech/Project-sem2/project-sem02/air_flows/myenv/lib/python3.9/site-packages/airflow/www/extensions/init_views.py
[2023-06-24T10:39:23.683+0700] {processor.py:838} WARNING - No viable dags retrieved from /Users/IntelTri/WorkPlace/Aptech/Project-sem2/project-sem02/air_flows/myenv/lib/python3.9/site-packages/airflow/www/extensions/init_views.py
[2023-06-24T10:39:24.090+0700] {processor.py:179} INFO - Processing /Users/IntelTri/WorkPlace/Aptech/Project-sem2/project-sem02/air_flows/myenv/lib/python3.9/site-packages/airflow/www/extensions/init_views.py took 0.553 seconds
[2023-06-24T10:41:17.995+0700] {processor.py:157} INFO - Started process (PID=2576) to work on /Users/IntelTri/WorkPlace/Aptech/Project-sem2/project-sem02/air_flows/myenv/lib/python3.9/site-packages/airflow/www/extensions/init_views.py
[2023-06-24T10:41:17.995+0700] {processor.py:826} INFO - Processing file /Users/IntelTri/WorkPlace/Aptech/Project-sem2/project-sem02/air_flows/myenv/lib/python3.9/site-packages/airflow/www/extensions/init_views.py for tasks to queue
[2023-06-24T10:41:17.996+0700] {logging_mixin.py:149} INFO - [2023-06-24T10:41:17.996+0700] {dagbag.py:541} INFO - Filling up the DagBag from /Users/IntelTri/WorkPlace/Aptech/Project-sem2/project-sem02/air_flows/myenv/lib/python3.9/site-packages/airflow/www/extensions/init_views.py
[2023-06-24T10:41:18.139+0700] {processor.py:838} WARNING - No viable dags retrieved from /Users/IntelTri/WorkPlace/Aptech/Project-sem2/project-sem02/air_flows/myenv/lib/python3.9/site-packages/airflow/www/extensions/init_views.py
[2023-06-24T10:41:18.551+0700] {processor.py:179} INFO - Processing /Users/IntelTri/WorkPlace/Aptech/Project-sem2/project-sem02/air_flows/myenv/lib/python3.9/site-packages/airflow/www/extensions/init_views.py took 0.557 seconds
[2023-06-24T10:53:01.386+0700] {processor.py:157} INFO - Started process (PID=2660) to work on /Users/IntelTri/WorkPlace/Aptech/Project-sem2/project-sem02/air_flows/myenv/lib/python3.9/site-packages/airflow/www/extensions/init_views.py
[2023-06-24T10:53:01.386+0700] {processor.py:826} INFO - Processing file /Users/IntelTri/WorkPlace/Aptech/Project-sem2/project-sem02/air_flows/myenv/lib/python3.9/site-packages/airflow/www/extensions/init_views.py for tasks to queue
[2023-06-24T10:53:01.387+0700] {logging_mixin.py:149} INFO - [2023-06-24T10:53:01.387+0700] {dagbag.py:541} INFO - Filling up the DagBag from /Users/IntelTri/WorkPlace/Aptech/Project-sem2/project-sem02/air_flows/myenv/lib/python3.9/site-packages/airflow/www/extensions/init_views.py
[2023-06-24T10:53:01.526+0700] {processor.py:838} WARNING - No viable dags retrieved from /Users/IntelTri/WorkPlace/Aptech/Project-sem2/project-sem02/air_flows/myenv/lib/python3.9/site-packages/airflow/www/extensions/init_views.py
[2023-06-24T10:53:01.957+0700] {processor.py:179} INFO - Processing /Users/IntelTri/WorkPlace/Aptech/Project-sem2/project-sem02/air_flows/myenv/lib/python3.9/site-packages/airflow/www/extensions/init_views.py took 0.571 seconds
[2023-06-24T10:59:46.485+0700] {processor.py:157} INFO - Started process (PID=2745) to work on /Users/IntelTri/WorkPlace/Aptech/Project-sem2/project-sem02/air_flows/myenv/lib/python3.9/site-packages/airflow/www/extensions/init_views.py
[2023-06-24T10:59:46.485+0700] {processor.py:826} INFO - Processing file /Users/IntelTri/WorkPlace/Aptech/Project-sem2/project-sem02/air_flows/myenv/lib/python3.9/site-packages/airflow/www/extensions/init_views.py for tasks to queue
[2023-06-24T10:59:46.486+0700] {logging_mixin.py:149} INFO - [2023-06-24T10:59:46.486+0700] {dagbag.py:541} INFO - Filling up the DagBag from /Users/IntelTri/WorkPlace/Aptech/Project-sem2/project-sem02/air_flows/myenv/lib/python3.9/site-packages/airflow/www/extensions/init_views.py
[2023-06-24T10:59:46.668+0700] {processor.py:838} WARNING - No viable dags retrieved from /Users/IntelTri/WorkPlace/Aptech/Project-sem2/project-sem02/air_flows/myenv/lib/python3.9/site-packages/airflow/www/extensions/init_views.py
[2023-06-24T10:59:47.145+0700] {processor.py:179} INFO - Processing /Users/IntelTri/WorkPlace/Aptech/Project-sem2/project-sem02/air_flows/myenv/lib/python3.9/site-packages/airflow/www/extensions/init_views.py took 0.661 seconds
[2023-06-24T11:01:53.045+0700] {processor.py:157} INFO - Started process (PID=2781) to work on /Users/IntelTri/WorkPlace/Aptech/Project-sem2/project-sem02/air_flows/myenv/lib/python3.9/site-packages/airflow/www/extensions/init_views.py
[2023-06-24T11:01:53.046+0700] {processor.py:826} INFO - Processing file /Users/IntelTri/WorkPlace/Aptech/Project-sem2/project-sem02/air_flows/myenv/lib/python3.9/site-packages/airflow/www/extensions/init_views.py for tasks to queue
[2023-06-24T11:01:53.046+0700] {logging_mixin.py:149} INFO - [2023-06-24T11:01:53.046+0700] {dagbag.py:541} INFO - Filling up the DagBag from /Users/IntelTri/WorkPlace/Aptech/Project-sem2/project-sem02/air_flows/myenv/lib/python3.9/site-packages/airflow/www/extensions/init_views.py
[2023-06-24T11:01:53.189+0700] {processor.py:838} WARNING - No viable dags retrieved from /Users/IntelTri/WorkPlace/Aptech/Project-sem2/project-sem02/air_flows/myenv/lib/python3.9/site-packages/airflow/www/extensions/init_views.py
[2023-06-24T11:01:53.668+0700] {processor.py:179} INFO - Processing /Users/IntelTri/WorkPlace/Aptech/Project-sem2/project-sem02/air_flows/myenv/lib/python3.9/site-packages/airflow/www/extensions/init_views.py took 0.623 seconds
[2023-06-24T11:03:34.947+0700] {processor.py:157} INFO - Started process (PID=2816) to work on /Users/IntelTri/WorkPlace/Aptech/Project-sem2/project-sem02/air_flows/myenv/lib/python3.9/site-packages/airflow/www/extensions/init_views.py
[2023-06-24T11:03:34.948+0700] {processor.py:826} INFO - Processing file /Users/IntelTri/WorkPlace/Aptech/Project-sem2/project-sem02/air_flows/myenv/lib/python3.9/site-packages/airflow/www/extensions/init_views.py for tasks to queue
[2023-06-24T11:03:34.948+0700] {logging_mixin.py:149} INFO - [2023-06-24T11:03:34.948+0700] {dagbag.py:541} INFO - Filling up the DagBag from /Users/IntelTri/WorkPlace/Aptech/Project-sem2/project-sem02/air_flows/myenv/lib/python3.9/site-packages/airflow/www/extensions/init_views.py
[2023-06-24T11:03:35.088+0700] {processor.py:838} WARNING - No viable dags retrieved from /Users/IntelTri/WorkPlace/Aptech/Project-sem2/project-sem02/air_flows/myenv/lib/python3.9/site-packages/airflow/www/extensions/init_views.py
[2023-06-24T11:03:35.498+0700] {processor.py:179} INFO - Processing /Users/IntelTri/WorkPlace/Aptech/Project-sem2/project-sem02/air_flows/myenv/lib/python3.9/site-packages/airflow/www/extensions/init_views.py took 0.551 seconds
