[2023-06-24T09:09:36.532+0700] {processor.py:157} INFO - Started process (PID=1671) to work on /Users/IntelTri/WorkPlace/Aptech/Project-sem2/project-sem02/air_flows/myenv/lib/python3.9/site-packages/airflow/www/api/experimental/endpoints.py
[2023-06-24T09:09:36.532+0700] {processor.py:826} INFO - Processing file /Users/IntelTri/WorkPlace/Aptech/Project-sem2/project-sem02/air_flows/myenv/lib/python3.9/site-packages/airflow/www/api/experimental/endpoints.py for tasks to queue
[2023-06-24T09:09:36.533+0700] {logging_mixin.py:149} INFO - [2023-06-24T09:09:36.532+0700] {dagbag.py:541} INFO - Filling up the DagBag from /Users/IntelTri/WorkPlace/Aptech/Project-sem2/project-sem02/air_flows/myenv/lib/python3.9/site-packages/airflow/www/api/experimental/endpoints.py
[2023-06-24T09:09:36.575+0700] {processor.py:838} WARNING - No viable dags retrieved from /Users/IntelTri/WorkPlace/Aptech/Project-sem2/project-sem02/air_flows/myenv/lib/python3.9/site-packages/airflow/www/api/experimental/endpoints.py
[2023-06-24T09:09:36.977+0700] {processor.py:179} INFO - Processing /Users/IntelTri/WorkPlace/Aptech/Project-sem2/project-sem02/air_flows/myenv/lib/python3.9/site-packages/airflow/www/api/experimental/endpoints.py took 0.446 seconds
[2023-06-24T09:10:14.206+0700] {processor.py:157} INFO - Started process (PID=1694) to work on /Users/IntelTri/WorkPlace/Aptech/Project-sem2/project-sem02/air_flows/myenv/lib/python3.9/site-packages/airflow/www/api/experimental/endpoints.py
[2023-06-24T09:10:14.207+0700] {processor.py:826} INFO - Processing file /Users/IntelTri/WorkPlace/Aptech/Project-sem2/project-sem02/air_flows/myenv/lib/python3.9/site-packages/airflow/www/api/experimental/endpoints.py for tasks to queue
[2023-06-24T09:10:14.207+0700] {logging_mixin.py:149} INFO - [2023-06-24T09:10:14.207+0700] {dagbag.py:541} INFO - Filling up the DagBag from /Users/IntelTri/WorkPlace/Aptech/Project-sem2/project-sem02/air_flows/myenv/lib/python3.9/site-packages/airflow/www/api/experimental/endpoints.py
[2023-06-24T09:10:14.245+0700] {processor.py:838} WARNING - No viable dags retrieved from /Users/IntelTri/WorkPlace/Aptech/Project-sem2/project-sem02/air_flows/myenv/lib/python3.9/site-packages/airflow/www/api/experimental/endpoints.py
[2023-06-24T09:10:14.780+0700] {processor.py:179} INFO - Processing /Users/IntelTri/WorkPlace/Aptech/Project-sem2/project-sem02/air_flows/myenv/lib/python3.9/site-packages/airflow/www/api/experimental/endpoints.py took 0.574 seconds
[2023-06-24T09:30:55.230+0700] {processor.py:157} INFO - Started process (PID=1886) to work on /Users/IntelTri/WorkPlace/Aptech/Project-sem2/project-sem02/air_flows/myenv/lib/python3.9/site-packages/airflow/www/api/experimental/endpoints.py
[2023-06-24T09:30:55.230+0700] {processor.py:826} INFO - Processing file /Users/IntelTri/WorkPlace/Aptech/Project-sem2/project-sem02/air_flows/myenv/lib/python3.9/site-packages/airflow/www/api/experimental/endpoints.py for tasks to queue
[2023-06-24T09:30:55.231+0700] {logging_mixin.py:149} INFO - [2023-06-24T09:30:55.231+0700] {dagbag.py:541} INFO - Filling up the DagBag from /Users/IntelTri/WorkPlace/Aptech/Project-sem2/project-sem02/air_flows/myenv/lib/python3.9/site-packages/airflow/www/api/experimental/endpoints.py
[2023-06-24T09:30:55.270+0700] {processor.py:838} WARNING - No viable dags retrieved from /Users/IntelTri/WorkPlace/Aptech/Project-sem2/project-sem02/air_flows/myenv/lib/python3.9/site-packages/airflow/www/api/experimental/endpoints.py
[2023-06-24T09:30:55.691+0700] {processor.py:179} INFO - Processing /Users/IntelTri/WorkPlace/Aptech/Project-sem2/project-sem02/air_flows/myenv/lib/python3.9/site-packages/airflow/www/api/experimental/endpoints.py took 0.462 seconds
[2023-06-24T09:42:50.500+0700] {processor.py:157} INFO - Started process (PID=2006) to work on /Users/IntelTri/WorkPlace/Aptech/Project-sem2/project-sem02/air_flows/myenv/lib/python3.9/site-packages/airflow/www/api/experimental/endpoints.py
[2023-06-24T09:42:50.500+0700] {processor.py:826} INFO - Processing file /Users/IntelTri/WorkPlace/Aptech/Project-sem2/project-sem02/air_flows/myenv/lib/python3.9/site-packages/airflow/www/api/experimental/endpoints.py for tasks to queue
[2023-06-24T09:42:50.501+0700] {logging_mixin.py:149} INFO - [2023-06-24T09:42:50.501+0700] {dagbag.py:541} INFO - Filling up the DagBag from /Users/IntelTri/WorkPlace/Aptech/Project-sem2/project-sem02/air_flows/myenv/lib/python3.9/site-packages/airflow/www/api/experimental/endpoints.py
[2023-06-24T09:42:50.539+0700] {processor.py:838} WARNING - No viable dags retrieved from /Users/IntelTri/WorkPlace/Aptech/Project-sem2/project-sem02/air_flows/myenv/lib/python3.9/site-packages/airflow/www/api/experimental/endpoints.py
[2023-06-24T10:36:03.088+0700] {processor.py:157} INFO - Started process (PID=2436) to work on /Users/IntelTri/WorkPlace/Aptech/Project-sem2/project-sem02/air_flows/myenv/lib/python3.9/site-packages/airflow/www/api/experimental/endpoints.py
[2023-06-24T10:36:03.089+0700] {processor.py:826} INFO - Processing file /Users/IntelTri/WorkPlace/Aptech/Project-sem2/project-sem02/air_flows/myenv/lib/python3.9/site-packages/airflow/www/api/experimental/endpoints.py for tasks to queue
[2023-06-24T10:36:03.090+0700] {logging_mixin.py:149} INFO - [2023-06-24T10:36:03.090+0700] {dagbag.py:541} INFO - Filling up the DagBag from /Users/IntelTri/WorkPlace/Aptech/Project-sem2/project-sem02/air_flows/myenv/lib/python3.9/site-packages/airflow/www/api/experimental/endpoints.py
[2023-06-24T10:36:03.133+0700] {processor.py:838} WARNING - No viable dags retrieved from /Users/IntelTri/WorkPlace/Aptech/Project-sem2/project-sem02/air_flows/myenv/lib/python3.9/site-packages/airflow/www/api/experimental/endpoints.py
[2023-06-24T10:36:03.522+0700] {processor.py:179} INFO - Processing /Users/IntelTri/WorkPlace/Aptech/Project-sem2/project-sem02/air_flows/myenv/lib/python3.9/site-packages/airflow/www/api/experimental/endpoints.py took 0.435 seconds
